<?xml version="1.0" encoding="UTF-8"?>
<!-- Generated by org.testng.reporters.JUnitReportReporter -->
<testsuite hostname="NaviAchu" failures="0" tests="3" name="com.leaftaps.runner.BDDrunner" time="75.553" errors="0" timestamp="2026-04-15T00:48:49 IST" skipped="0">
  <testcase classname="com.leaftaps.runner.BDDrunner" name="runScenario" time="18.709"/>
  <testcase classname="com.leaftaps.runner.BDDrunner" name="runScenario" time="27.851"/>
  <testcase classname="com.leaftaps.runner.BDDrunner" name="runScenario" time="28.993"/>
</testsuite> <!-- com.leaftaps.runner.BDDrunner -->
