<?xml version="1.0" encoding="UTF-8"?>
<!-- Generated by org.testng.reporters.JUnitReportReporter -->
<testsuite hostname="NaviAchu" failures="0" tests="3" name="com.leaftaps.testcases.TC002_CreateLead" time="38.178" errors="0" timestamp="2026-04-15T00:48:49 IST" skipped="0">
  <testcase classname="com.leaftaps.testcases.TC002_CreateLead" name="runCreateLead" time="8.290"/>
  <testcase classname="com.leaftaps.testcases.TC002_CreateLead" name="runCreateLead" time="19.772"/>
  <testcase classname="com.leaftaps.testcases.TC002_CreateLead" name="runCreateLead" time="10.116"/>
</testsuite> <!-- com.leaftaps.testcases.TC002_CreateLead -->
