<?xml version="1.0" encoding="UTF-8"?>
<!-- Generated by org.testng.reporters.JUnitXMLReporter -->
<testsuite ignored="0" hostname="NaviAchu" failures="0" tests="4" name="functional testcases" time="39.236" errors="0" timestamp="2026-04-15T00:48:49 IST">
  <testcase classname="com.leaftaps.testcases.TC001_LoginTest" name="runLoginTest" time="4.071"/>
  <testcase classname="com.leaftaps.testcases.TC002_CreateLead" name="runCreateLead" time="13.422"/>
  <testcase classname="com.leaftaps.testcases.TC002_CreateLead" name="runCreateLead" time="7.7"/>
  <testcase classname="com.leaftaps.testcases.TC002_CreateLead" name="runCreateLead" time="6.262"/>
</testsuite> <!-- functional testcases -->
