<?xml version="1.0" encoding="UTF-8"?>
<testsuite xmlns:xsi="http://www.w3.org/2001/XMLSchema-instance" xsi:noNamespaceSchemaLocation="https://maven.apache.org/surefire/maven-surefire-plugin/xsd/surefire-test-report.xsd" version="3.0.2" name="TestSuite" time="39.829" tests="7" errors="0" skipped="0" failures="0">
  <properties>
[...]
</properties>
  <testcase name="runLoginTest" classname="com.leaftaps.testcases.TC001_LoginTest" time="2.747">
    <system-out><![CDATA[...
... TestNG 7.8.0 by Cédric Beust (cedric@beust.com)
...

Excel file path is choosen as CreateLead.xlsx
browser opted for this execution is safari
browser profile opted for the execution is --guest
Application url is http://leaftaps.com/opentaps/control/login
browser opted for this execution is firefox
browser opted for this execution is firefox
browser opted for this execution is firefox
browser profile opted for the execution is --private
browser profile opted for the execution is --private
browser profile opted for the execution is --private
Application url is http://leaftaps.com/opentaps/control/login
Application url is http://leaftaps.com/opentaps/control/login
Application url is http://leaftaps.com/opentaps/control/login
total row count is 3
total column count is 6
|DemoCsr|crmsfa|TestLeaf|Bhuvanesh|M|TestLeaf|
|DemoCsr|crmsfa|Qeagle|Babu|M|Qeagle|
|DemoCsr|crmsfa|TestLeaf|Hari|R|TestLeaf|
browser opted for this execution is safari
browser profile opted for the execution is --guest
Application url is http://leaftaps.com/opentaps/control/login
driver value near [PSM] is ChromeDriver: chrome on windows (cca0525085037b41545e837b22b49d13)
driver value near [PSM] is ChromeDriver: chrome on windows (9175975ddd6c117f6d887f4524f2405d)
Driver instance value IN TCOO1ChromeDriver: chrome on windows (cca0525085037b41545e837b22b49d13)
driver value From [Login Page] is ChromeDriver: chrome on windows (cca0525085037b41545e837b22b49d13)
Driver instance value IN TCOO2ChromeDriver: chrome on windows (9175975ddd6c117f6d887f4524f2405d)
driver value From [Login Page] is ChromeDriver: chrome on windows (9175975ddd6c117f6d887f4524f2405d)
]]></system-out>
    <system-err><![CDATA[SLF4J: Failed to load class "org.slf4j.impl.StaticLoggerBinder".
SLF4J: Defaulting to no-operation (NOP) logger implementation
SLF4J: See http://www.slf4j.org/codes.html#StaticLoggerBinder for further details.
Apr 15, 2026 12:48:10 AM io.cucumber.core.runtime.FeaturePathFeatureSupplier get
WARNING: No features found at classpath:/com/leaftaps/testcases
Apr 15, 2026 12:48:10 AM io.cucumber.core.runtime.FeaturePathFeatureSupplier get
WARNING: No features found at classpath:/com/leaftaps/testcases
ERROR StatusLogger Log4j2 could not find a logging implementation. Please add log4j-core to the classpath. Using SimpleLogger to log to the console...
Apr 15, 2026 12:48:14 AM org.openqa.selenium.devtools.CdpVersionFinder findNearestMatch
WARNING: Unable to find an exact match for CDP version 146, returning the closest version; found: 145; Please update to a Selenium version that supports CDP version 146
Apr 15, 2026 12:48:16 AM org.openqa.selenium.devtools.CdpVersionFinder findNearestMatch
WARNING: Unable to find an exact match for CDP version 146, returning the closest version; found: 145; Please update to a Selenium version that supports CDP version 146
]]></system-err>
  </testcase>
  <testcase name="runScenario[&quot;validating the Leaftaps Application by providing the valid user credentials&quot;, &quot;User Authentication in Leaftaps Application&quot;](1)" classname="com.leaftaps.runner.BDDrunner" time="2.073">
    <system-out><![CDATA[driver value near [PSM] is FirefoxDriver: firefox on windows (d5be6a21-b55f-4ad4-93cc-09e6e3225749)
driver value near [PSM] is FirefoxDriver: firefox on windows (bb539ac1-6c88-48fb-bb8e-5f430343397b)
driver value near [PSM] is FirefoxDriver: firefox on windows (33736bbc-eb6c-4aae-887d-fadc7a473bea)
driver value From [Login Page] is FirefoxDriver: firefox on windows (d5be6a21-b55f-4ad4-93cc-09e6e3225749)
driver value From [Login Page] is FirefoxDriver: firefox on windows (33736bbc-eb6c-4aae-887d-fadc7a473bea)
driver value From [Login Page] is FirefoxDriver: firefox on windows (bb539ac1-6c88-48fb-bb8e-5f430343397b)
]]></system-out>
  </testcase>
  <testcase name="runScenario[&quot;validating Lead Creation by filling the mandatory fields&quot;, &quot;Lead Creation in Leaftaps Application&quot;](2)" classname="com.leaftaps.runner.BDDrunner" time="4.298">
    <system-out><![CDATA[browser opted for this execution is safari
browser profile opted for the execution is --guest
Application url is http://leaftaps.com/opentaps/control/login
driver value near [PSM] is ChromeDriver: chrome on windows (06f1c9a56e4db1b27648e20d4e01257d)
Driver instance value IN TCOO2ChromeDriver: chrome on windows (06f1c9a56e4db1b27648e20d4e01257d)
driver value From [Login Page] is ChromeDriver: chrome on windows (06f1c9a56e4db1b27648e20d4e01257d)
Lead created successfully
]]></system-out>
    <system-err><![CDATA[Apr 15, 2026 12:48:32 AM org.openqa.selenium.devtools.CdpVersionFinder findNearestMatch
WARNING: Unable to find an exact match for CDP version 146, returning the closest version; found: 145; Please update to a Selenium version that supports CDP version 146
]]></system-err>
  </testcase>
  <testcase name="runScenario[&quot;validating Lead Creation by filling the mandatory fields&quot;, &quot;Lead Creation in Leaftaps Application&quot;](3)" classname="com.leaftaps.runner.BDDrunner" time="5.537">
    <system-out><![CDATA[Lead created successfully
]]></system-out>
  </testcase>
  <testcase name="runCreateLead[DemoCsr, crmsfa, TestLeaf, Bhuvanesh, M, TestLeaf](1)" classname="com.leaftaps.testcases.TC002_CreateLead" time="5.067">
    <system-out><![CDATA[Lead created successfully
]]></system-out>
  </testcase>
  <testcase name="runCreateLead[DemoCsr, crmsfa, Qeagle, Babu, M, Qeagle](2)" classname="com.leaftaps.testcases.TC002_CreateLead" time="7.702">
    <system-out><![CDATA[Lead created successfully
]]></system-out>
  </testcase>
  <testcase name="runCreateLead[DemoCsr, crmsfa, TestLeaf, Hari, R, TestLeaf](3)" classname="com.leaftaps.testcases.TC002_CreateLead" time="6.263">
    <system-out><![CDATA[browser opted for this execution is safari
browser profile opted for the execution is --guest
Application url is http://leaftaps.com/opentaps/control/login
driver value near [PSM] is ChromeDriver: chrome on windows (788378fd019623cf87a2b39b7a84780a)
Driver instance value IN TCOO2ChromeDriver: chrome on windows (788378fd019623cf87a2b39b7a84780a)
driver value From [Login Page] is ChromeDriver: chrome on windows (788378fd019623cf87a2b39b7a84780a)
Lead created successfully
]]></system-out>
    <system-err><![CDATA[Apr 15, 2026 12:48:42 AM org.openqa.selenium.devtools.CdpVersionFinder findNearestMatch
WARNING: Unable to find an exact match for CDP version 146, returning the closest version; found: 145; Please update to a Selenium version that supports CDP version 146
&amp#27;[1m&amp#27;[32m┌──────────────────────────────────────────────────────────────────────────┐&amp#27;[39m&amp#27;[22m
&amp#27;[1m&amp#27;[32m│&amp#27;[39m&amp#27;[22m View your Cucumber Report at:                                            &amp#27;[1m&amp#27;[32m│&amp#27;[39m&amp#27;[22m
&amp#27;[1m&amp#27;[32m│&amp#27;[39m&amp#27;[22m &amp#27;[1m&amp#27;[4m&amp#27;[36mhttps://reports.cucumber.io/reports/6a7bbc9c-dc60-4f23-a628-a07a8c6dc7a8&amp#27;[39m&amp#27;[24m&amp#27;[22m &amp#27;[1m&amp#27;[32m│&amp#27;[39m&amp#27;[22m
&amp#27;[1m&amp#27;[32m│&amp#27;[39m&amp#27;[22m                                                                          &amp#27;[1m&amp#27;[32m│&amp#27;[39m&amp#27;[22m
&amp#27;[1m&amp#27;[32m│&amp#27;[39m&amp#27;[22m &amp#27;[1mThis report will self-destruct in 24h.&amp#27;[22m                                   &amp#27;[1m&amp#27;[32m│&amp#27;[39m&amp#27;[22m
&amp#27;[1m&amp#27;[32m└──────────────────────────────────────────────────────────────────────────┘&amp#27;[39m&amp#27;[22m]]></system-err>
  </testcase>
</testsuite>